[2023-09-07 10:40:53.293 INFO  restartedMain] [com.green.jpaexam.JpaExamApplication] Starting JpaExamApplication using Java 17.0.7 with PID 300 (D:\Spring\jpaExam\target\classes started by Administrator in D:\Spring\jpaExam)
[2023-09-07 10:40:53.301 INFO  restartedMain] [com.green.jpaexam.JpaExamApplication] No active profile set, falling back to 1 default profile: "default"
[2023-09-07 10:40:53.330 INFO  restartedMain] [org.springframework.boot.devtools.env.DevToolsPropertyDefaultsPostProcessor] Devtools property defaults active! Set 'spring.devtools.add-properties' to 'false' to disable
[2023-09-07 10:40:53.330 INFO  restartedMain] [org.springframework.boot.devtools.env.DevToolsPropertyDefaultsPostProcessor] For additional web related logging consider setting the 'logging.level.web' property to 'DEBUG'
[2023-09-07 10:40:53.829 INFO  restartedMain] [org.springframework.data.repository.config.RepositoryConfigurationDelegate] Bootstrapping Spring Data JPA repositories in DEFAULT mode.
[2023-09-07 10:40:53.873 INFO  restartedMain] [org.springframework.data.repository.config.RepositoryConfigurationDelegate] Finished Spring Data repository scanning in 39 ms. Found 4 JPA repository interfaces.
[2023-09-07 10:40:54.270 INFO  restartedMain] [org.springframework.boot.web.embedded.tomcat.TomcatWebServer] Tomcat initialized with port(s): 8080 (http)
[2023-09-07 10:40:54.275 INFO  restartedMain] [org.apache.coyote.http11.Http11NioProtocol] Initializing ProtocolHandler ["http-nio-8080"]
[2023-09-07 10:40:54.276 INFO  restartedMain] [org.apache.catalina.core.StandardService] Starting service [Tomcat]
[2023-09-07 10:40:54.277 INFO  restartedMain] [org.apache.catalina.core.StandardEngine] Starting Servlet engine: [Apache Tomcat/10.1.11]
[2023-09-07 10:40:54.321 INFO  restartedMain] [org.apache.catalina.core.ContainerBase.[Tomcat].[localhost].[/]] Initializing Spring embedded WebApplicationContext
[2023-09-07 10:40:54.321 INFO  restartedMain] [org.springframework.boot.web.servlet.context.ServletWebServerApplicationContext] Root WebApplicationContext: initialization completed in 990 ms
[2023-09-07 10:40:54.412 INFO  restartedMain] [org.hibernate.jpa.internal.util.LogHelper] HHH000204: Processing PersistenceUnitInfo [name: default]
[2023-09-07 10:40:54.448 INFO  restartedMain] [org.hibernate.Version] HHH000412: Hibernate ORM core version 6.2.6.Final
[2023-09-07 10:40:54.449 INFO  restartedMain] [org.hibernate.cfg.Environment] HHH000406: Using bytecode reflection optimizer
[2023-09-07 10:40:54.555 INFO  restartedMain] [org.hibernate.bytecode.internal.BytecodeProviderInitiator] HHH000021: Bytecode provider name : bytebuddy
[2023-09-07 10:40:54.648 INFO  restartedMain] [org.springframework.orm.jpa.persistenceunit.SpringPersistenceUnitInfo] No LoadTimeWeaver setup: ignoring JPA class transformer
[2023-09-07 10:40:54.659 INFO  restartedMain] [com.zaxxer.hikari.HikariDataSource] HikariPool-1 - Starting...
[2023-09-07 10:40:54.716 INFO  restartedMain] [com.zaxxer.hikari.pool.HikariPool] HikariPool-1 - Added connection org.mariadb.jdbc.Connection@170eeaaf
[2023-09-07 10:40:54.717 INFO  restartedMain] [com.zaxxer.hikari.HikariDataSource] HikariPool-1 - Start completed.
[2023-09-07 10:40:54.914 INFO  restartedMain] [org.hibernate.bytecode.internal.BytecodeProviderInitiator] HHH000021: Bytecode provider name : bytebuddy
[2023-09-07 10:40:55.418 INFO  restartedMain] [org.hibernate.engine.transaction.jta.platform.internal.JtaPlatformInitiator] HHH000490: Using JtaPlatform implementation: [org.hibernate.engine.transaction.jta.platform.internal.NoJtaPlatform]
[2023-09-07 10:40:55.620 INFO  restartedMain] [org.springframework.orm.jpa.LocalContainerEntityManagerFactoryBean] Initialized JPA EntityManagerFactory for persistence unit 'default'
[2023-09-07 10:40:55.865 INFO  restartedMain] [org.springframework.data.jpa.repository.query.QueryEnhancerFactory] Hibernate is in classpath; If applicable, HQL parser will be used.
